<?xml version="1.0" encoding="UTF-8"?>
<testng-results ignored="0" total="1" passed="1" failed="0" skipped="0">
  <reporter-output>
  </reporter-output>
  <suite started-at="2018-06-16T06:54:51Z" name="Default suite" finished-at="2018-06-16T06:55:15Z" duration-ms="24569">
    <groups>
    </groups>
    <test started-at="2018-06-16T06:54:51Z" name="Default test" finished-at="2018-06-16T06:55:15Z" duration-ms="24569">
      <class name="sampletgittest.samplegittest">
        <test-method signature="logintest()[pri:0, instance:sampletgittest.samplegittest@5a56cdac]" started-at="2018-06-16T06:54:51Z" name="logintest" finished-at="2018-06-16T06:55:15Z" duration-ms="24509" status="PASS">
          <reporter-output>
          </reporter-output>
        </test-method> <!-- logintest -->
      </class> <!-- sampletgittest.samplegittest -->
    </test> <!-- Default test -->
  </suite> <!-- Default suite -->
</testng-results>
